<?xml version="1.0" encoding="UTF-8"?>
<testsuite xmlns:xsi="http://www.w3.org/2001/XMLSchema-instance" xsi:noNamespaceSchemaLocation="https://maven.apache.org/surefire/maven-surefire-plugin/xsd/surefire-test-report-3.0.xsd" version="3.0" name="com.nab.apitest.SecurityTest" time="1.227" tests="4" errors="0" skipped="0" failures="0">
  <properties>
[...]
</properties>
  <testcase name="searchWithSqlInjectionText(String)[1]" classname="com.nab.apitest.SecurityTest" time="0.303">
    <system-out><![CDATA[2023-06-26T19:33:04.850+07:00  INFO 22296 --- [           main] t.c.s.AnnotationConfigContextLoaderUtils : Could not detect default configuration classes for test class [com.nab.apitest.SecurityTest]: SecurityTest does not declare any static, non-private, non-final, nested classes annotated with @Configuration.
2023-06-26T19:33:04.853+07:00  INFO 22296 --- [           main] .b.t.c.SpringBootTestContextBootstrapper : Found @SpringBootConfiguration com.nab.apitest.ApiTestApplication for test class com.nab.apitest.SecurityTest
2023-06-26T19:33:04.864+07:00  INFO 22296 --- [           main] c.n.a.config.restclient.WikiRestClient   : Request with params: {format=json, action=query, list=search, formatversion=2, srqiprofile=engine_autoselect, srsearch=", srlimit=3, sroffset=0, srwhat=text, srsort=relevance}
2023-06-26T19:33:04.864+07:00  INFO 22296 --- [           main] c.n.a.config.restclient.WikiRestClient   : Request to URI: /w/api.php?format=json&action=query&list=search&formatversion=2&srqiprofile=engine_autoselect&srsearch="&srlimit=3&sroffset=0&srwhat=text&srsort=relevance
2023-06-26T19:33:05.160+07:00  INFO 22296 --- [           main] c.n.a.config.restclient.WikiRestClient   : Response: {batchcomplete=true, query={searchinfo={totalhits=1}, search=[{ns=0, title=Dấu ngoặc kép, pageid=15873440, size=46354, wordcount=1486, snippet=Dấu ngoặc kép (&quot;) còn được gọi là dấu trích dẫn (tiếng Anh: Quotation mark) là một loại dấu câu được sử dụng theo cặp gồm hai dấu nháy đơn (') đứng liền, timestamp=2023-06-14T22:53:50Z}]}}
]]></system-out>
  </testcase>
  <testcase name="searchWithSqlInjectionText(String)[2]" classname="com.nab.apitest.SecurityTest" time="0.283">
    <system-out><![CDATA[2023-06-26T19:33:05.167+07:00  INFO 22296 --- [           main] c.n.a.config.restclient.WikiRestClient   : Request with params: {format=json, action=query, list=search, formatversion=2, srqiprofile=engine_autoselect, srsearch=', srlimit=3, sroffset=0, srwhat=text, srsort=relevance}
2023-06-26T19:33:05.168+07:00  INFO 22296 --- [           main] c.n.a.config.restclient.WikiRestClient   : Request to URI: /w/api.php?format=json&action=query&list=search&formatversion=2&srqiprofile=engine_autoselect&srsearch='&srlimit=3&sroffset=0&srwhat=text&srsort=relevance
2023-06-26T19:33:05.446+07:00  INFO 22296 --- [           main] c.n.a.config.restclient.WikiRestClient   : Response: {batchcomplete=true, query={searchinfo={totalhits=0}, search=[]}}
]]></system-out>
  </testcase>
  <testcase name="searchWithSqlInjectionText(String)[3]" classname="com.nab.apitest.SecurityTest" time="0.287">
    <system-out><![CDATA[2023-06-26T19:33:05.452+07:00  INFO 22296 --- [           main] c.n.a.config.restclient.WikiRestClient   : Request with params: {format=json, action=query, list=search, formatversion=2, srqiprofile=engine_autoselect, srsearch=\, srlimit=3, sroffset=0, srwhat=text, srsort=relevance}
2023-06-26T19:33:05.452+07:00  INFO 22296 --- [           main] c.n.a.config.restclient.WikiRestClient   : Request to URI: /w/api.php?format=json&action=query&list=search&formatversion=2&srqiprofile=engine_autoselect&srsearch=\&srlimit=3&sroffset=0&srwhat=text&srsort=relevance
2023-06-26T19:33:05.736+07:00  INFO 22296 --- [           main] c.n.a.config.restclient.WikiRestClient   : Response: {batchcomplete=true, query={searchinfo={totalhits=0}, search=[]}}
]]></system-out>
  </testcase>
  <testcase name="searchWithSqlInjectionText(String)[4]" classname="com.nab.apitest.SecurityTest" time="0.335">
    <system-out><![CDATA[2023-06-26T19:33:05.743+07:00  INFO 22296 --- [           main] c.n.a.config.restclient.WikiRestClient   : Request with params: {format=json, action=query, list=search, formatversion=2, srqiprofile=engine_autoselect, srsearch=1' UNION SELECT 1,concat(user,':',password) FROM users;--, srlimit=3, sroffset=0, srwhat=text, srsort=relevance}
2023-06-26T19:33:05.743+07:00  INFO 22296 --- [           main] c.n.a.config.restclient.WikiRestClient   : Request to URI: /w/api.php?format=json&action=query&list=search&formatversion=2&srqiprofile=engine_autoselect&srsearch=1' UNION SELECT 1,concat(user,':',password) FROM users;--&srlimit=3&sroffset=0&srwhat=text&srsort=relevance
2023-06-26T19:33:06.073+07:00  INFO 22296 --- [           main] c.n.a.config.restclient.WikiRestClient   : Response: {batchcomplete=true, query={searchinfo={totalhits=0, suggestion=1 union selenat 1 conica user password from users, suggestionsnippet=1 union <em>selenat</em> 1 <em>conica</em> user password from users}, search=[]}}
]]></system-out>
  </testcase>
</testsuite>