<?xml version="1.0" encoding="UTF-8"?>
<testsuite xmlns:xsi="http://www.w3.org/2001/XMLSchema-instance" xsi:noNamespaceSchemaLocation="https://maven.apache.org/surefire/maven-surefire-plugin/xsd/surefire-test-report-3.0.xsd" version="3.0" name="com.nab.apitest.InvalidTest" time="6.166" tests="6" errors="0" skipped="0" failures="0">
  <properties>
[...]
</properties>
  <testcase name="searchTitleNotSupportTest" classname="com.nab.apitest.InvalidTest" time="2.13">
    <system-out><![CDATA[19:32:58.207 [main] INFO org.springframework.test.context.support.AnnotationConfigContextLoaderUtils -- Could not detect default configuration classes for test class [com.nab.apitest.InvalidTest]: InvalidTest does not declare any static, non-private, non-final, nested classes annotated with @Configuration.
19:32:58.341 [main] INFO org.springframework.boot.test.context.SpringBootTestContextBootstrapper -- Found @SpringBootConfiguration com.nab.apitest.ApiTestApplication for test class com.nab.apitest.InvalidTest

  .   ____          _            __ _ _
 /\\ / ___'_ __ _ _(_)_ __  __ _ \ \ \ \
( ( )\___ | '_ | '_| | '_ \/ _` | \ \ \ \
 \\/  ___)| |_)| | | | | || (_| |  ) ) ) )
  '  |____| .__|_| |_|_| |_\__, | / / / /
 =========|_|==============|___/=/_/_/_/
 :: Spring Boot ::                (v3.1.1)

2023-06-26T19:32:58.867+07:00  INFO 22296 --- [           main] com.nab.apitest.InvalidTest              : Starting InvalidTest using Java 20.0.1 with PID 22296 (started by thanh.hoang in D:\THANHHOANG\4_Training\api-test-nab)
2023-06-26T19:32:58.870+07:00  INFO 22296 --- [           main] com.nab.apitest.InvalidTest              : The following 2 profiles are active: "rest", "local"
2023-06-26T19:33:00.351+07:00  INFO 22296 --- [           main] com.nab.apitest.InvalidTest              : Started InvalidTest in 1.847 seconds (process running for 2.948)
2023-06-26T19:33:01.579+07:00  INFO 22296 --- [           main] c.n.a.config.restclient.WikiRestClient   : Request with params: {format=json, action=query, list=search, formatversion=2, srqiprofile=engine_autoselect, srsearch=Software engineer, srlimit=3, sroffset=0, srwhat=title, srsort=relevance}
2023-06-26T19:33:01.590+07:00  INFO 22296 --- [           main] c.n.a.config.restclient.WikiRestClient   : Request to URI: /w/api.php?format=json&action=query&list=search&formatversion=2&srqiprofile=engine_autoselect&srsearch=Software engineer&srlimit=3&sroffset=0&srwhat=title&srsort=relevance
2023-06-26T19:33:02.461+07:00  INFO 22296 --- [           main] c.n.a.config.restclient.WikiRestClient   : Response: {error={code=search-title-disabled, info="title" search is disabled., docref=See https://vi.wikipedia.org/w/api.php for API usage. Subscribe to the mediawiki-api-announce mailing list at &lt;https://lists.wikimedia.org/postorius/lists/mediawiki-api-announce.lists.wikimedia.org/&gt; for notice of API deprecations and breaking changes.}, servedby=mw2334}
]]></system-out>
  </testcase>
  <testcase name="searchWithTextOffset" classname="com.nab.apitest.InvalidTest" time="0.276">
    <system-out><![CDATA[2023-06-26T19:33:02.514+07:00  INFO 22296 --- [           main] c.n.a.config.restclient.WikiRestClient   : Request with params: {format=json, action=query, list=search, formatversion=2, srqiprofile=engine_autoselect, srsearch=Software engineer, srlimit=3, sroffset=abc, srwhat=text, srsort=relevance}
2023-06-26T19:33:02.514+07:00  INFO 22296 --- [           main] c.n.a.config.restclient.WikiRestClient   : Request to URI: /w/api.php?format=json&action=query&list=search&formatversion=2&srqiprofile=engine_autoselect&srsearch=Software engineer&srlimit=3&sroffset=abc&srwhat=text&srsort=relevance
2023-06-26T19:33:02.785+07:00  INFO 22296 --- [           main] c.n.a.config.restclient.WikiRestClient   : Response: {error={code=badinteger, info=Invalid value "abc" for integer parameter "sroffset"., docref=See https://vi.wikipedia.org/w/api.php for API usage. Subscribe to the mediawiki-api-announce mailing list at &lt;https://lists.wikimedia.org/postorius/lists/mediawiki-api-announce.lists.wikimedia.org/&gt; for notice of API deprecations and breaking changes.}, servedby=mw2306}
]]></system-out>
  </testcase>
  <testcase name="searchInvalidPageSize(Integer)[1]" classname="com.nab.apitest.InvalidTest" time="0.366">
    <system-out><![CDATA[2023-06-26T19:33:02.827+07:00  INFO 22296 --- [           main] c.n.a.config.restclient.WikiRestClient   : Request with params: {format=json, action=query, list=search, formatversion=2, srqiprofile=engine_autoselect, srsearch=Software engineer, srlimit=-1, sroffset=0, srwhat=text, srsort=relevance}
2023-06-26T19:33:02.827+07:00  INFO 22296 --- [           main] c.n.a.config.restclient.WikiRestClient   : Request to URI: /w/api.php?format=json&action=query&list=search&formatversion=2&srqiprofile=engine_autoselect&srsearch=Software engineer&srlimit=-1&sroffset=0&srwhat=text&srsort=relevance
2023-06-26T19:33:03.157+07:00  INFO 22296 --- [           main] c.n.a.config.restclient.WikiRestClient   : Response: {batchcomplete=true, continue={sroffset=1, continue=-||}, warnings={search={warnings=The value "-1" for parameter "srlimit" must be between 1 and 500.}}, query={searchinfo={totalhits=33, suggestion=software engine, suggestionsnippet=software <em>engine</em>}, search=[{ns=0, title=Lập trình viên, pageid=1253, size=6956, wordcount=679, snippet= <span class="searchmatch">Software</span> <span class="searchmatch">Engineer</span>”. Bản gốc lưu trữ ngày 10 tháng 7 năm 2018. Truy cập ngày 1 tháng 4 năm 2012. ^ “Programmer vs. Developer vs. <span class="searchmatch">Software</span> <span class="searchmatch">Engineer</span>”., timestamp=2022-12-02T20:57:01Z}]}}
]]></system-out>
  </testcase>
  <testcase name="searchInvalidPageSize(Integer)[2]" classname="com.nab.apitest.InvalidTest" time="0.414">
    <system-out><![CDATA[2023-06-26T19:33:03.185+07:00  INFO 22296 --- [           main] c.n.a.config.restclient.WikiRestClient   : Request with params: {format=json, action=query, list=search, formatversion=2, srqiprofile=engine_autoselect, srsearch=Software engineer, srlimit=501, sroffset=0, srwhat=text, srsort=relevance}
2023-06-26T19:33:03.185+07:00  INFO 22296 --- [           main] c.n.a.config.restclient.WikiRestClient   : Request to URI: /w/api.php?format=json&action=query&list=search&formatversion=2&srqiprofile=engine_autoselect&srsearch=Software engineer&srlimit=501&sroffset=0&srwhat=text&srsort=relevance
2023-06-26T19:33:03.589+07:00  INFO 22296 --- [           main] c.n.a.config.restclient.WikiRestClient   : Response: {batchcomplete=true, warnings={search={warnings=The value "501" for parameter "srlimit" must be between 1 and 500.}}, query={searchinfo={totalhits=33, suggestion=software engine, suggestionsnippet=software <em>engine</em>}, search=[{ns=0, title=Lập trình viên, pageid=1253, size=6956, wordcount=679, snippet= <span class="searchmatch">Software</span> <span class="searchmatch">Engineer</span>”. Bản gốc lưu trữ ngày 10 tháng 7 năm 2018. Truy cập ngày 1 tháng 4 năm 2012. ^ “Programmer vs. Developer vs. <span class="searchmatch">Software</span> <span class="searchmatch">Engineer</span>”., timestamp=2022-12-02T20:57:01Z}, {ns=0, title=Kỹ sư phần mềm, pageid=3683605, size=14162, wordcount=1708, snippet=Kỹ sư phần mềm (tiếng Anh: <span class="searchmatch">software</span> <span class="searchmatch">engineer</span>) là người áp dụng các nguyên tắc/nguyên lý của công nghệ phần mềm vào việc thiết kế, phát triển, bảo trì, timestamp=2023-06-10T18:17:27Z}, {ns=0, title=Kỹ thuật Phần mềm Nghiên cứu, pageid=19544228, size=8584, wordcount=1059, snippet=Distributed Research Projects. 5th International Conference on Global <span class="searchmatch">Software</span> <span class="searchmatch">Engineer</span> (ICGSE), Princeton, NJ, USA, pp. 23–32. DOI: https://doi.org/10.1109/ICGSE, timestamp=2023-06-22T16:18:11Z}, {ns=0, title=Gertrude Mwangala, pageid=15128342, size=6708, wordcount=653, snippet=Liverpool (Doctor of Philosophy) Nghề nghiệp Academic Administrator, <span class="searchmatch">Software</span> <span class="searchmatch">Engineer</span> Năm hoạt động 1973 - present Nổi tiếng vì Academics và Engineering, timestamp=2022-02-19T20:45:22Z}, {ns=0, title=Andrea Meza, pageid=19594660, size=8595, wordcount=764, snippet=Chihuahua, Mexico Học vị <span class="searchmatch">Software</span> <span class="searchmatch">engineer</span> Trường lớp Autonomous University of Chihuahua (BS) Nghề nghiệp Model <span class="searchmatch">Software</span> <span class="searchmatch">engineer</span> Danh hiệu Hoa hậu Chihuahua, timestamp=2023-04-01T02:00:28Z}, {ns=0, title=Farida Bedwei, pageid=15153016, size=5693, wordcount=503, snippet=(ngày 25 tháng 5 năm 2015). “Celebrating Farida Bedwei – a seasoned <span class="searchmatch">software</span> <span class="searchmatch">engineer</span> with over 16 years experience despite her Cerebral Palsy condition”, timestamp=2022-04-08T18:17:37Z}, {ns=0, title=Valorant, pageid=19270169, size=27135, wordcount=2953, snippet= “The tech behind the hit tactical shooter: @RiotGames Principal <span class="searchmatch">Software</span> <span class="searchmatch">Engineer</span>, Marcus Reid, talks about @PlayVALORANT and how the team utilized, timestamp=2023-06-16T08:51:08Z}, {ns=0, title=Android (hệ điều hành), pageid=500947, size=126801, wordcount=13599, snippet=Project is the Apache <span class="searchmatch">Software</span> License, 2.0. [...] Why Apache <span class="searchmatch">Software</span> License? [...] For userspace (that is, non-kernel) <span class="searchmatch">software</span>, we do in fact prefer, timestamp=2023-03-16T11:30:00Z}, {ns=0, title=Phần mềm tự do, pageid=323207, size=44188, wordcount=5583, snippet=Phần mềm tự do (tiếng Anh: free <span class="searchmatch">software</span> hay libre <span class="searchmatch">software</span>) là phần mềm máy tính được phân phối theo các điều khoản cho phép người dùng chạy phần mềm, timestamp=2023-02-11T09:28:20Z}, {ns=0, title=Internet, pageid=1047, size=92605, wordcount=11152, snippet=credit seminal insights to Welsh scientist Donald W. Davies and American <span class="searchmatch">engineer</span> Paul Baran.... The most important institutional force... was the Pentagon’s, timestamp=2023-01-14T04:22:14Z}, {ns=0, title=Lockheed Martin F-35 Lightning II, pageid=88873, size=88615, wordcount=11057, snippet=India's fighter jet order, dangles F-35 carrot&quot;. ^ . Design News magazine's <span class="searchmatch">Engineer</span> of the Year award goes to lift fan inventor at Lockheed Martin[liên kết, timestamp=2023-06-24T13:40:09Z}, {ns=0, title=Viện Công nghệ Massachusetts, pageid=67463, size=50222, wordcount=5602, snippet=ISBN 0-262-60044-7. ^ a b Zachary, Gregg (1997). Endless Frontier: Vannevar Bush, <span class="searchmatch">Engineer</span> of the American Century. Free Press. tr. 248–249. ISBN 0-684-82821-9. ^, timestamp=2023-06-06T15:57:21Z}, {ns=0, title=Danh sách trò chơi của Electronic Arts: 1983–1999, pageid=19761723, size=241137, wordcount=11023, snippet=1996. ^ Conway, Chris (2 tháng 11 năm 1998). “Chris Conway - Senior <span class="searchmatch">Software</span> <span class="searchmatch">Engineer</span> at Electronic Arts”. Roger Johnstone. Lưu trữ bản gốc ngày 8 tháng, timestamp=2023-05-29T08:04:41Z}, {ns=0, title=Trung Dũng (doanh nhân), pageid=53487, size=9256, wordcount=870, snippet=tốt nghiệp Đại học Stanford về ngành ung thư. Làm kỹ sư trưởng (Senior <span class="searchmatch">Engineer</span>) cho công ty Open Market. Bỏ việc làm tại Open Market, thành lập công ty, timestamp=2022-03-08T11:22:59Z}, {ns=0, title=Danh sách game của hãng Electronic Arts: 1983–1999, pageid=19127371, size=237747, wordcount=11279, snippet=Conway, Chris (ngày 2 tháng 11 năm 1998). “Chris Conway - Senior <span class="searchmatch">Software</span> <span class="searchmatch">Engineer</span> at Electronic Arts”. Roger Johnstone. Bản gốc lưu trữ ngày 8 tháng, timestamp=2023-05-27T14:17:31Z}, {ns=0, title=Biểu đồ Pareto, pageid=14078344, size=5471, wordcount=618, snippet=of experiments, 3rd ed. New York: Wiley. Pyzdek, T. (1989). What every <span class="searchmatch">engineer</span> should know about quality control. New York: Marcel Dekker. Vaughn, R., timestamp=2022-11-13T07:43:17Z}, {ns=0, title=Kỹ sư, pageid=47509, size=55241, wordcount=4955, snippet=dùng để chỉ một người làm kỹ thuật ở cấp thấp hơn. Trong tiếng Anh, từ <span class="searchmatch">engineer</span> (tiếng Latin: ingeniator) phát nguồn qua sự liên kết của từ ingeniare là, timestamp=2023-04-14T17:50:51Z}, {ns=0, title=Novell, pageid=14615843, size=59311, wordcount=7001, snippet=Certified Novell <span class="searchmatch">Engineer</span> (CNE) Master Certified Novell <span class="searchmatch">Engineer</span> (MCNE) Certified Linux Professional 10 (CLP 10) Certified Linux <span class="searchmatch">Engineer</span> 10 (CLE 10) Các, timestamp=2023-02-25T18:57:32Z}, {ns=0, title=Margaret Hamilton (nhà khoa học), pageid=3254297, size=19495, wordcount=2342, snippet=Hamilton, S. Zeldin (1976) &quot;Higher order <span class="searchmatch">software</span>—A methodology for defining <span class="searchmatch">software</span>&quot; IEEE Transactions on <span class="searchmatch">Software</span> Engineering, vol. SE-2, no. 1, Mar. 1976, timestamp=2021-12-20T11:01:30Z}, {ns=0, title=Kỹ thuật, pageid=2206, size=73455, wordcount=7999, snippet=bẩy, bánh xe, ròng rọc. Thuật ngữ &quot;kỹ thuật&quot; (engineering) và &quot;kỹ sư&quot; (<span class="searchmatch">engineer</span>) có nguồn gốc từ thế kỷ 14, từ thuật ngữ engine'er nhằm nói về &quot;những người, timestamp=2023-01-01T05:43:54Z}, {ns=0, title=Steins;Gate, pageid=1309865, size=111735, wordcount=12859, snippet=cả đều do Itō thể hiện. Ca khúc mở đầu lần lượt là &quot;Space <span class="searchmatch">Engineer</span>&quot; (宇宙エンジニア, Uchuu <span class="searchmatch">Engineer</span>?) và &quot;Hisenkei Jeniakku&quot; (非線形ジェニアック, Hisenkei Jeniakku?)., timestamp=2023-04-19T02:25:27Z}, {ns=0, title=Robot học, pageid=795125, size=88780, wordcount=10196, snippet=Technology Research News: Evolution trains robot teams ^ “Career: Robotics <span class="searchmatch">Engineer</span>”. Princeton Review. 2012. Truy cập ngày 27 tháng 1 năm 2012. ^ “Robotics, timestamp=2023-01-01T07:44:10Z}, {ns=0, title=Động cơ diesel, pageid=15606, size=114963, wordcount=12837, snippet=edition, Springer, 2005, ISBN 978-3409226837, p. 21 ^ “Perfect piezo”. The <span class="searchmatch">Engineer</span>. 6 tháng 11 năm 2003. Bản gốc lưu trữ ngày 24 tháng 2 năm 2019. Truy cập, timestamp=2023-06-09T06:05:09Z}, {ns=0, title=Cấu trúc ARM, pageid=51860, size=55375, wordcount=5485, snippet=big.LITTLE – Kiến trúc điện toán không đồng nhất của ARM ARM Accredited <span class="searchmatch">Engineer</span> – chương trình chứng nhận ARMulator – một trình mô phỏng tập lệnh Amber, timestamp=2023-06-11T23:31:51Z}, {ns=0, title=Salesforce.com, pageid=15426054, size=69634, wordcount=6518, snippet=Sebastuez, ba nhà phát triển phần mềm trước đây tại công ty tư vấn Left Coast <span class="searchmatch">Software</span>, đã được giới thiệu với Benioff thông qua một người bạn và đồng nghiệp, timestamp=2023-02-26T12:17:06Z}, {ns=0, title=Danh sách nhà phát minh, pageid=3713116, size=94496, wordcount=11373, snippet= iPad and other devices and <span class="searchmatch">software</span> operating systems and applications. Amos Edward Joel, Jr. (1918–2008) USA – electrical <span class="searchmatch">engineer</span>, known for several contributions, timestamp=2023-06-06T16:00:39Z}, {ns=0, title=Danh sách thiết bị Qualcomm Snapdragon, pageid=3524808, size=164234, wordcount=7217, snippet=giới thiệu ngày 26 tháng 6 năm 2018. Pin and <span class="searchmatch">software</span> compatible with Snapdragon 625, 626 and 450; <span class="searchmatch">software</span> compatible with Snapdragon 425, 427, 429, 430, timestamp=2023-06-13T07:21:28Z}, {ns=0, title=Somalia, pageid=38215, size=141575, wordcount=17303, snippet= Geography and Earth Science.&quot; Lưu trữ 2009-03-27 tại Wayback Machine <span class="searchmatch">Engineer</span> Research and Development Laboratories, Topographic Engineering Center,, timestamp=2023-06-18T14:35:32Z}, {ns=0, title=SpaceX Dragon 2, pageid=19548370, size=88845, wordcount=9486, snippet=vehicle for crew, and we will retrofit it back to cargo. ^ “Q+A: SpaceX <span class="searchmatch">Engineer</span> Garrett Reisman on Building the World's Safest Spacecraft”. PopSci. ngày, timestamp=2022-12-14T14:11:33Z}, {ns=0, title=Danh sách phần mềm tạo mô hình 3D, pageid=2456259, size=5052, wordcount=75, snippet=mại Không modo phần mềm thương mại Có Poser phần mềm thương mại Có Pro/<span class="searchmatch">ENGINEER</span> phần mềm thương mại Có Quake Army Knife Phần mềm miễn phí Có Realsoft 3D, timestamp=2023-01-31T07:00:13Z}, {ns=0, title=Half-Life: Opposing Force, pageid=3610050, size=37124, wordcount=4999, snippet=bắn súng góc nhìn thứ nhất Half-Life của Valve <span class="searchmatch">Software</span>. Trò chơi được phát triển bởi Gearbox <span class="searchmatch">Software</span> và Valve và công bố bởi Sierra Entertainment vào, timestamp=2022-11-25T06:17:42Z}, {ns=0, title=Command & Conquer 3: Kane's Wrath, pageid=546785, size=38043, wordcount=5159, snippet= Nâng cấp nhỏ cho các đơn vị tiêu chuẩn cũng có sẵn: <span class="searchmatch">Engineer</span> được chuyển thành Combat <span class="searchmatch">Engineer</span> trang bị súng lục, và xe khai khác của Steel Talon có, timestamp=2023-01-01T08:37:23Z}, {ns=0, title=Battlefield 3, pageid=18411853, size=48485, wordcount=4499, snippet=đảm nhận một trong bốn vai trò: Assault (Tấn công), Support (Hậu cần), <span class="searchmatch">Engineer</span> (Công binh) và Recon (Trinh sát). Lớp Assault tập trung vào súng trường, timestamp=2023-01-01T09:30:42Z}]}}
]]></system-out>
  </testcase>
  <testcase name="searchWithInvalidSortType" classname="com.nab.apitest.InvalidTest" time="0.276">
    <system-out><![CDATA[2023-06-26T19:33:03.608+07:00  INFO 22296 --- [           main] c.n.a.config.restclient.WikiRestClient   : Request with params: {format=json, action=query, list=search, formatversion=2, srqiprofile=engine_autoselect, srsearch=Software engineer, srlimit=3, sroffset=0, srwhat=text, srsort=abc}
2023-06-26T19:33:03.608+07:00  INFO 22296 --- [           main] c.n.a.config.restclient.WikiRestClient   : Request to URI: /w/api.php?format=json&action=query&list=search&formatversion=2&srqiprofile=engine_autoselect&srsearch=Software engineer&srlimit=3&sroffset=0&srwhat=text&srsort=abc
2023-06-26T19:33:03.873+07:00  INFO 22296 --- [           main] c.n.a.config.restclient.WikiRestClient   : Response: {error={code=badvalue, info=Unrecognized value for parameter "srsort": abc., docref=See https://vi.wikipedia.org/w/api.php for API usage. Subscribe to the mediawiki-api-announce mailing list at &lt;https://lists.wikimedia.org/postorius/lists/mediawiki-api-announce.lists.wikimedia.org/&gt; for notice of API deprecations and breaking changes.}, servedby=mw2450}
]]></system-out>
  </testcase>
  <testcase name="searchWithTextPageSize" classname="com.nab.apitest.InvalidTest" time="0.28">
    <system-out><![CDATA[2023-06-26T19:33:03.879+07:00  INFO 22296 --- [           main] c.n.a.config.restclient.WikiRestClient   : Request with params: {format=json, action=query, list=search, formatversion=2, srqiprofile=engine_autoselect, srsearch=Software engineer, srlimit=abc, sroffset=0, srwhat=text, srsort=relevance}
2023-06-26T19:33:03.881+07:00  INFO 22296 --- [           main] c.n.a.config.restclient.WikiRestClient   : Request to URI: /w/api.php?format=json&action=query&list=search&formatversion=2&srqiprofile=engine_autoselect&srsearch=Software engineer&srlimit=abc&sroffset=0&srwhat=text&srsort=relevance
2023-06-26T19:33:04.155+07:00  INFO 22296 --- [           main] c.n.a.config.restclient.WikiRestClient   : Response: {error={code=badinteger, info=Invalid value "abc" for integer parameter "srlimit"., docref=See https://vi.wikipedia.org/w/api.php for API usage. Subscribe to the mediawiki-api-announce mailing list at &lt;https://lists.wikimedia.org/postorius/lists/mediawiki-api-announce.lists.wikimedia.org/&gt; for notice of API deprecations and breaking changes.}, servedby=mw2308}
]]></system-out>
  </testcase>
</testsuite>