<?xml version="1.0" encoding="UTF-8"?>
<testsuite xmlns:xsi="http://www.w3.org/2001/XMLSchema-instance" xsi:noNamespaceSchemaLocation="https://maven.apache.org/surefire/maven-surefire-plugin/xsd/surefire-test-report-3.0.xsd" version="3.0" name="com.nab.apitest.PaginationTest" time="0.682" tests="2" errors="0" skipped="0" failures="0">
  <properties>
[...]
</properties>
  <testcase name="pageSizeTest" classname="com.nab.apitest.PaginationTest" time="0.331">
    <system-out><![CDATA[2023-06-26T19:33:04.168+07:00  INFO 22296 --- [           main] t.c.s.AnnotationConfigContextLoaderUtils : Could not detect default configuration classes for test class [com.nab.apitest.PaginationTest]: PaginationTest does not declare any static, non-private, non-final, nested classes annotated with @Configuration.
2023-06-26T19:33:04.171+07:00  INFO 22296 --- [           main] .b.t.c.SpringBootTestContextBootstrapper : Found @SpringBootConfiguration com.nab.apitest.ApiTestApplication for test class com.nab.apitest.PaginationTest
2023-06-26T19:33:04.178+07:00  INFO 22296 --- [           main] c.n.a.config.restclient.WikiRestClient   : Request with params: {format=json, action=query, list=search, formatversion=2, srqiprofile=engine_autoselect, srsearch=Software engineer, srlimit=3, sroffset=0, srwhat=text, srsort=relevance}
2023-06-26T19:33:04.179+07:00  INFO 22296 --- [           main] c.n.a.config.restclient.WikiRestClient   : Request to URI: /w/api.php?format=json&action=query&list=search&formatversion=2&srqiprofile=engine_autoselect&srsearch=Software engineer&srlimit=3&sroffset=0&srwhat=text&srsort=relevance
2023-06-26T19:33:04.505+07:00  INFO 22296 --- [           main] c.n.a.config.restclient.WikiRestClient   : Response: {batchcomplete=true, continue={sroffset=3, continue=-||}, query={searchinfo={totalhits=33, suggestion=software engine, suggestionsnippet=software <em>engine</em>}, search=[{ns=0, title=Lập trình viên, pageid=1253, size=6956, wordcount=679, snippet= <span class="searchmatch">Software</span> <span class="searchmatch">Engineer</span>”. Bản gốc lưu trữ ngày 10 tháng 7 năm 2018. Truy cập ngày 1 tháng 4 năm 2012. ^ “Programmer vs. Developer vs. <span class="searchmatch">Software</span> <span class="searchmatch">Engineer</span>”., timestamp=2022-12-02T20:57:01Z}, {ns=0, title=Kỹ sư phần mềm, pageid=3683605, size=14162, wordcount=1708, snippet=Kỹ sư phần mềm (tiếng Anh: <span class="searchmatch">software</span> <span class="searchmatch">engineer</span>) là người áp dụng các nguyên tắc/nguyên lý của công nghệ phần mềm vào việc thiết kế, phát triển, bảo trì, timestamp=2023-06-10T18:17:27Z}, {ns=0, title=Kỹ thuật Phần mềm Nghiên cứu, pageid=19544228, size=8584, wordcount=1059, snippet=Distributed Research Projects. 5th International Conference on Global <span class="searchmatch">Software</span> <span class="searchmatch">Engineer</span> (ICGSE), Princeton, NJ, USA, pp. 23–32. DOI: https://doi.org/10.1109/ICGSE, timestamp=2023-06-22T16:18:11Z}]}}
]]></system-out>
  </testcase>
  <testcase name="searchWithOffset" classname="com.nab.apitest.PaginationTest" time="0.336">
    <system-out><![CDATA[2023-06-26T19:33:04.512+07:00  INFO 22296 --- [           main] c.n.a.config.restclient.WikiRestClient   : Request with params: {format=json, action=query, list=search, formatversion=2, srqiprofile=engine_autoselect, srsearch=Software engineer, srlimit=3, sroffset=5, srwhat=text, srsort=relevance}
2023-06-26T19:33:04.513+07:00  INFO 22296 --- [           main] c.n.a.config.restclient.WikiRestClient   : Request to URI: /w/api.php?format=json&action=query&list=search&formatversion=2&srqiprofile=engine_autoselect&srsearch=Software engineer&srlimit=3&sroffset=5&srwhat=text&srsort=relevance
2023-06-26T19:33:04.842+07:00  INFO 22296 --- [           main] c.n.a.config.restclient.WikiRestClient   : Response: {batchcomplete=true, continue={sroffset=8, continue=-||}, query={searchinfo={totalhits=33}, search=[{ns=0, title=Andrea Meza, pageid=19594660, size=8595, wordcount=764, snippet=Chihuahua, Mexico Học vị <span class="searchmatch">Software</span> <span class="searchmatch">engineer</span> Trường lớp Autonomous University of Chihuahua (BS) Nghề nghiệp Model <span class="searchmatch">Software</span> <span class="searchmatch">engineer</span> Danh hiệu Hoa hậu Chihuahua, timestamp=2023-04-01T02:00:28Z}, {ns=0, title=Valorant, pageid=19270169, size=27135, wordcount=2953, snippet= “The tech behind the hit tactical shooter: @RiotGames Principal <span class="searchmatch">Software</span> <span class="searchmatch">Engineer</span>, Marcus Reid, talks about @PlayVALORANT and how the team utilized, timestamp=2023-06-16T08:51:08Z}, {ns=0, title=Android (hệ điều hành), pageid=500947, size=126801, wordcount=13599, snippet=Project is the Apache <span class="searchmatch">Software</span> License, 2.0. [...] Why Apache <span class="searchmatch">Software</span> License? [...] For userspace (that is, non-kernel) <span class="searchmatch">software</span>, we do in fact prefer, timestamp=2023-03-16T11:30:00Z}]}}
]]></system-out>
  </testcase>
</testsuite>